
 ___      ___ ___  ___      ___ ________          ___   _________  _________        _____ ______   _______      ___    ___ ___  ________  ________     
|\  \    /  /|\  \|\  \    /  /|\   __  \        |\  \ |\___   ___\\___   ___\     |\   _ \  _   \|\  ___ \    |\  \  /  /|\  \|\   ____\|\   __  \    
\ \  \  /  / | \  \ \  \  /  / | \  \|\  \       \ \  \\|___ \  \_\|___ \  \_|     \ \  \\\__\ \  \ \   __/|   \ \  \/  / | \  \ \  \___|\ \  \|\  \   
 \ \  \/  / / \ \  \ \  \/  / / \ \  \\\  \       \ \  \    \ \  \     \ \  \       \ \  \\|__| \  \ \  \_|/__  \ \    / / \ \  \ \  \    \ \  \\\  \  
  \ \    / /   \ \  \ \    / /   \ \  \\\  \       \ \  \____\ \  \     \ \  \       \ \  \    \ \  \ \  \_|\ \  /     \/   \ \  \ \  \____\ \  \\\  \ 
   \ \__/ /     \ \__\ \__/ /     \ \_______\       \ \_______\ \__\     \ \__\       \ \__\    \ \__\ \_______\/  /\   \    \ \__\ \_______\ \_______\
    \|__|/       \|__|\|__|/       \|_______|        \|_______|\|__|      \|__|        \|__|     \|__|\|_______/__/ /\ __\    \|__|\|_______|\|_______|
               
                                                                            ▄███████████▄
                                                                            █████░▀██████
                                                                            █████░░░▀████
                                                                            █████░░░▄████
                                                                            █████░▄██████
                                                                            █████████████
                                                                            ─▀▀▀▀▀▀▀▀▀▀▀─

Device detected: V2515 
Air plane mode disabled
YouTube test #1 starting at 04:49 PM
[Señalización_4G] Guardado en T76: 04:49 PM
YouTube test #2 starting at 04:49 PM
[Señalización_4G] Guardado en T77: 04:49 PM
La tecnologia es: Youtube y la red es  : 4G
Screenshot saved: logs\Screenshots Youtube 4G 2026-05-26\Youtube_4G_2026-05-26_16-50-02.png
Intentando pegar la imagen en el Excel. Tecnología:4G, Test:Youtube, Ruta imagen:logs\Screenshots Youtube 4G 2026-05-26\Youtube_4G_2026-05-26_16-50-02.png
Se encontró la screenshot en: C:\Users\aldoh\OneDrive\Documentos\GitHub\Proyecto-AES\logs\Screenshots Youtube 4G 2026-05-26\Youtube_4G_2026-05-26_16-50-02.png
Imagen pegada con éxito en la pestaña [Señalización_4G], Celda V74
Origen: logs\Screenshots Youtube 4G 2026-05-26\Youtube_4G_2026-05-26_16-50-02.png
YouTube schedule finished.
All repetitions completed. Exiting program.
