
 ___      ___ ___  ___      ___ ________          ___   _________  _________        _____ ______   _______      ___    ___ ___  ________  ________     
|\  \    /  /|\  \|\  \    /  /|\   __  \        |\  \ |\___   ___\\___   ___\     |\   _ \  _   \|\  ___ \    |\  \  /  /|\  \|\   ____\|\   __  \    
\ \  \  /  / | \  \ \  \  /  / | \  \|\  \       \ \  \\|___ \  \_\|___ \  \_|     \ \  \\\__\ \  \ \   __/|   \ \  \/  / | \  \ \  \___|\ \  \|\  \   
 \ \  \/  / / \ \  \ \  \/  / / \ \  \\\  \       \ \  \    \ \  \     \ \  \       \ \  \\|__| \  \ \  \_|/__  \ \    / / \ \  \ \  \    \ \  \\\  \  
  \ \    / /   \ \  \ \    / /   \ \  \\\  \       \ \  \____\ \  \     \ \  \       \ \  \    \ \  \ \  \_|\ \  /     \/   \ \  \ \  \____\ \  \\\  \ 
   \ \__/ /     \ \__\ \__/ /     \ \_______\       \ \_______\ \__\     \ \__\       \ \__\    \ \__\ \_______\/  /\   \    \ \__\ \_______\ \_______\
    \|__|/       \|__|\|__|/       \|_______|        \|_______|\|__|      \|__|        \|__|     \|__|\|_______/__/ /\ __\    \|__|\|_______|\|_______|
       
                                                   
                                                   
                            ░░░░░░░░         ░░    
    ░░░       ░▒▒▒▒▒▒░░▒░░░  ░██░░▓█░      ░█▓░    
    ▒▒▒░░    ░▒▒▒▒▒▒▒▒▒▒░░░   ░▒█░░▒█▒   ░▓█░░     
    ░▒▒▒▒▒▒░░░▒▒▒▒▒▒▒▒▒░░      ░░█▒░░█▓░▒█▒░       
   ░░░▒▒▒▒▒▒▒▒▒▒▒▒▒▒▒▒░░         ░█▓░░▓█▓░         
    ░▒▒▒▒▒▒▒▒▒▒▒▒▒▒▒▒▒░░           ▒█░░▒█▒         
    ░░░▒▒▒▒▒▒▒▒▒▒▒▒▒▒░             ▒██▒░░█▓░       
      ░▒▒▒▒▒▒▒▒▒▒▒▒▒░░           ░█▓░░█▓░ ▓█░      
      ░░░▒▒▒▒▒▒▒▒▒░░           ░▓█░░  ░▓█░░▒█░░    
   ░░▒▒▒▒▒▒▒▒▒▒░░░           ░░█▒       ░█▒░░█▓░░  
      ░░░░░░░░░              ░░░         ░░░░░░░░  
                                                   
                                                                                                                                                                                                                                                                                                                                                        

Device detected: V2515 
Air plane mode disabled
Twitter test #1 starting at 04:52 PM
[Señalización_4G] Guardado en T96: 04:52 PM
No search result found after tapping Buscar/Search
Twitter test #2 starting at 04:52 PM
[Señalización_4G] Guardado en T97: 04:52 PM
No search result found after tapping Buscar/Search
Twitter schedule finished.
Traceback (most recent call last):
  File "C:\Users\aldoh\OneDrive\Documentos\GitHub\Proyecto-AES\Proyecto_AES_Twitter 4G Sin saldo.py", line 305, in <module>
    main()
    ~~~~^^
  File "C:\Users\aldoh\OneDrive\Documentos\GitHub\Proyecto-AES\Proyecto_AES_Twitter 4G Sin saldo.py", line 301, in main
    close_log(d)
    ~~~~~~~~~^^^
  File "C:\Users\aldoh\OneDrive\Documentos\GitHub\Proyecto-AES\Proyecto_AES_Twitter 4G Sin saldo.py", line 90, in close_log
    d(resourceId="com.android.bbklog:id/title").click()
    ~~~~~~~~~~~~~~~~~~~~~~~~~~~~~~~~~~~~~~~~~~~~~~~~~^^
  File "C:\Users\aldoh\AppData\Local\Programs\Python\Python314\Lib\site-packages\uiautomator2\_selector.py", line 149, in click
    self.must_wait(timeout=timeout)
    ~~~~~~~~~~~~~~^^^^^^^^^^^^^^^^^
  File "C:\Users\aldoh\AppData\Local\Programs\Python\Python314\Lib\site-packages\uiautomator2\_selector.py", line 338, in must_wait
    raise UiObjectNotFoundError({'code': -32002, 'data': str(self.selector), 'method': 'wait'})
uiautomator2.exceptions.UiObjectNotFoundError: {'code': -32002, 'data': "Selector [resourceId='com.android.bbklog:id/title']", 'method': 'wait'}
